<?xml version="1.0" encoding="UTF-8"?>
<testsuite xmlns:xsi="http://www.w3.org/2001/XMLSchema-instance" xsi:noNamespaceSchemaLocation="https://maven.apache.org/surefire/maven-surefire-plugin/xsd/surefire-test-report.xsd" name="TestSuite" time="664.564" tests="14" errors="0" skipped="0" failures="6">
  <properties>
[...]
</properties>
  <testcase name="blankEmail" classname="UI.testCases.TestClass" time="4.084"/>
  <testcase name="blankEmail" classname="UI.testCases.TestClass" time="3.457"/>
  <testcase name="blankEmailandPassword" classname="UI.testCases.TestClass" time="3.95"/>
  <testcase name="blankEmailandPassword" classname="UI.testCases.TestClass" time="3.569"/>
  <testcase name="blankPassword" classname="UI.testCases.TestClass" time="3.269">
    <failure message="Hata : Beklenen Veri Hatalı &#10;Expected: is &quot;Lütfen şifrenizi giriniz.&quot;&#10;     got: &quot;Lütfen geçerli bir e-posta adresi giriniz.&quot;&#10;" type="java.lang.AssertionError">java.lang.AssertionError: 
Hata : Beklenen Veri Hatalı 
Expected: is "Lütfen şifrenizi giriniz."
     got: "Lütfen geçerli bir e-posta adresi giriniz."

	at UI.testCases.TestClass.blankPassword(TestClass.java:59)
</failure>
    <system-err><![CDATA[8422 [main] INFO io.github.bonigarcia.wdm.WebDriverManager - Using chromedriver 96.0.4664.45 (resolved driver for Chrome 96)
8425 [main] INFO io.github.bonigarcia.wdm.WebDriverManager - Exporting webdriver.chrome.driver as /Users/ahmet.ercikan/.cache/selenium/chromedriver/mac64/96.0.4664.45/chromedriver
Starting ChromeDriver 96.0.4664.45 (76e4c1bb2ab4671b8beba3444e61c0f17584b2fc-refs/branch-heads/4664@{#947}) on port 41532
Only local connections are allowed.
Please see https://chromedriver.chromium.org/security-considerations for suggestions on keeping ChromeDriver safe.
ChromeDriver was started successfully.
Dec 20, 2021 1:07:30 PM org.openqa.selenium.remote.ProtocolHandshake createSession
INFO: Detected dialect: W3C
]]></system-err>
  </testcase>
  <testcase name="blankPassword" classname="UI.testCases.TestClass" time="4.1">
    <failure message="Hata : Beklenen Veri Hatalı &#10;Expected: is &quot;Lütfen şifrenizi giriniz.&quot;&#10;     got: &quot;Lütfen geçerli bir e-posta adresi giriniz.&quot;&#10;" type="java.lang.AssertionError">java.lang.AssertionError: 
Hata : Beklenen Veri Hatalı 
Expected: is "Lütfen şifrenizi giriniz."
     got: "Lütfen geçerli bir e-posta adresi giriniz."

	at UI.testCases.TestClass.blankPassword(TestClass.java:59)
</failure>
    <system-err><![CDATA[341251 [main] INFO io.github.bonigarcia.wdm.WebDriverManager - Using chromedriver 96.0.4664.45 (resolved driver for Chrome 96)
341252 [main] INFO io.github.bonigarcia.wdm.WebDriverManager - Exporting webdriver.chrome.driver as /Users/ahmet.ercikan/.cache/selenium/chromedriver/mac64/96.0.4664.45/chromedriver
Starting ChromeDriver 96.0.4664.45 (76e4c1bb2ab4671b8beba3444e61c0f17584b2fc-refs/branch-heads/4664@{#947}) on port 47412
Only local connections are allowed.
Please see https://chromedriver.chromium.org/security-considerations for suggestions on keeping ChromeDriver safe.
ChromeDriver was started successfully.
Dec 20, 2021 1:13:03 PM org.openqa.selenium.remote.ProtocolHandshake createSession
INFO: Detected dialect: W3C
]]></system-err>
  </testcase>
  <testcase name="butikLinkAddCSV" classname="UI.testCases.TestClass" time="96.824"/>
  <testcase name="butikLinkAddCSV" classname="UI.testCases.TestClass" time="95.608"/>
  <testcase name="loginSucces" classname="UI.testCases.TestClass" time="16.139">
    <failure message="Expected condition failed: waiting for UI.helpers.BrowserUtils$1@7f065f9e (tried for 10 second(s) with 1000 milliseconds interval)" type="org.openqa.selenium.TimeoutException">org.openqa.selenium.TimeoutException: Expected condition failed: waiting for UI.helpers.BrowserUtils$1@7f065f9e (tried for 10 second(s) with 1000 milliseconds interval)
	at UI.testCases.TestClass.loginSucces(TestClass.java:36)
Caused by: org.openqa.selenium.NoSuchElementException: 
no such element: Unable to locate element: {"method":"xpath","selector":"//*[contains(text(),'Hesabım')]"}
  (Session info: chrome=96.0.4664.110)
For documentation on this error, please visit: http://seleniumhq.org/exceptions/no_such_element.html
Build info: version: '3.8.1', revision: '6e95a6684b', time: '2017-12-01T18:33:54.468Z'
System info: host: 'MAC-IT-13.local', ip: 'fe80:0:0:0:181c:e107:fe30:ce61%en0', os.name: 'Mac OS X', os.arch: 'x86_64', os.version: '10.15.7', java.version: '14.0.2'
Driver info: org.openqa.selenium.chrome.ChromeDriver
Capabilities {acceptInsecureCerts: false, browserName: chrome, browserVersion: 96.0.4664.110, chrome: {chromedriverVersion: 96.0.4664.45 (76e4c1bb2ab46..., userDataDir: /var/folders/p5/h99g2kwx3bb...}, goog:chromeOptions: {debuggerAddress: localhost:59518}, javascriptEnabled: true, networkConnectionEnabled: false, pageLoadStrategy: normal, platform: MAC, platformName: MAC, proxy: Proxy(), setWindowRect: true, strictFileInteractability: false, timeouts: {implicit: 0, pageLoad: 300000, script: 30000}, unhandledPromptBehavior: dismiss and notify, webauthn:extension:credBlob: true, webauthn:extension:largeBlob: true, webauthn:virtualAuthenticators: true}
Session ID: a49f19f1ef813a4cc5bef2b006010c21
*** Element info: {Using=xpath, value=//*[contains(text(),'Hesabım')]}
	at UI.testCases.TestClass.loginSucces(TestClass.java:36)
</failure>
    <system-err><![CDATA[109320 [main] INFO io.github.bonigarcia.wdm.WebDriverManager - Using chromedriver 96.0.4664.45 (resolved driver for Chrome 96)
109326 [main] INFO io.github.bonigarcia.wdm.WebDriverManager - Exporting webdriver.chrome.driver as /Users/ahmet.ercikan/.cache/selenium/chromedriver/mac64/96.0.4664.45/chromedriver
Starting ChromeDriver 96.0.4664.45 (76e4c1bb2ab4671b8beba3444e61c0f17584b2fc-refs/branch-heads/4664@{#947}) on port 5540
Only local connections are allowed.
Please see https://chromedriver.chromium.org/security-considerations for suggestions on keeping ChromeDriver safe.
ChromeDriver was started successfully.
Dec 20, 2021 1:09:11 PM org.openqa.selenium.remote.ProtocolHandshake createSession
INFO: Detected dialect: W3C
]]></system-err>
  </testcase>
  <testcase name="loginSucces" classname="UI.testCases.TestClass" time="13.849">
    <failure message="Expected condition failed: waiting for UI.helpers.BrowserUtils$1@4403cf9a (tried for 10 second(s) with 1000 milliseconds interval)" type="org.openqa.selenium.TimeoutException">org.openqa.selenium.TimeoutException: Expected condition failed: waiting for UI.helpers.BrowserUtils$1@4403cf9a (tried for 10 second(s) with 1000 milliseconds interval)
	at UI.testCases.TestClass.loginSucces(TestClass.java:36)
Caused by: org.openqa.selenium.NoSuchElementException: 
no such element: Unable to locate element: {"method":"xpath","selector":"//*[contains(text(),'Hesabım')]"}
  (Session info: chrome=96.0.4664.110)
For documentation on this error, please visit: http://seleniumhq.org/exceptions/no_such_element.html
Build info: version: '3.8.1', revision: '6e95a6684b', time: '2017-12-01T18:33:54.468Z'
System info: host: 'MAC-IT-13.local', ip: 'fe80:0:0:0:181c:e107:fe30:ce61%en0', os.name: 'Mac OS X', os.arch: 'x86_64', os.version: '10.15.7', java.version: '14.0.2'
Driver info: org.openqa.selenium.chrome.ChromeDriver
Capabilities {acceptInsecureCerts: false, browserName: chrome, browserVersion: 96.0.4664.110, chrome: {chromedriverVersion: 96.0.4664.45 (76e4c1bb2ab46..., userDataDir: /var/folders/p5/h99g2kwx3bb...}, goog:chromeOptions: {debuggerAddress: localhost:60111}, javascriptEnabled: true, networkConnectionEnabled: false, pageLoadStrategy: normal, platform: MAC, platformName: MAC, proxy: Proxy(), setWindowRect: true, strictFileInteractability: false, timeouts: {implicit: 0, pageLoad: 300000, script: 30000}, unhandledPromptBehavior: dismiss and notify, webauthn:extension:credBlob: true, webauthn:extension:largeBlob: true, webauthn:virtualAuthenticators: true}
Session ID: cfb2c22d27a4b3e523dfaf6b1f87243a
*** Element info: {Using=xpath, value=//*[contains(text(),'Hesabım')]}
	at UI.testCases.TestClass.loginSucces(TestClass.java:36)
</failure>
    <system-err><![CDATA[441771 [main] INFO io.github.bonigarcia.wdm.WebDriverManager - Using chromedriver 96.0.4664.45 (resolved driver for Chrome 96)
441779 [main] INFO io.github.bonigarcia.wdm.WebDriverManager - Exporting webdriver.chrome.driver as /Users/ahmet.ercikan/.cache/selenium/chromedriver/mac64/96.0.4664.45/chromedriver
Starting ChromeDriver 96.0.4664.45 (76e4c1bb2ab4671b8beba3444e61c0f17584b2fc-refs/branch-heads/4664@{#947}) on port 38356
Only local connections are allowed.
Please see https://chromedriver.chromium.org/security-considerations for suggestions on keeping ChromeDriver safe.
ChromeDriver was started successfully.
Dec 20, 2021 1:14:43 PM org.openqa.selenium.remote.ProtocolHandshake createSession
INFO: Detected dialect: W3C
]]></system-err>
  </testcase>
  <testcase name="wrongEmail" classname="UI.testCases.TestClass" time="104.019">
    <failure message="Hata : Beklenen Veri Hatalı &#10;Expected: is &quot;HATALI CASE&quot;&#10;     got: &quot;E-posta adresiniz ve/veya şifreniz hatalı.&quot;&#10;" type="java.lang.AssertionError">java.lang.AssertionError: 
Hata : Beklenen Veri Hatalı 
Expected: is "HATALI CASE"
     got: "E-posta adresiniz ve/veya şifreniz hatalı."

	at UI.testCases.TestClass.wrongEmail(TestClass.java:44)
</failure>
    <system-err><![CDATA[125976 [main] INFO io.github.bonigarcia.wdm.WebDriverManager - Using chromedriver 96.0.4664.45 (resolved driver for Chrome 96)
125978 [main] INFO io.github.bonigarcia.wdm.WebDriverManager - Exporting webdriver.chrome.driver as /Users/ahmet.ercikan/.cache/selenium/chromedriver/mac64/96.0.4664.45/chromedriver
Starting ChromeDriver 96.0.4664.45 (76e4c1bb2ab4671b8beba3444e61c0f17584b2fc-refs/branch-heads/4664@{#947}) on port 29553
Only local connections are allowed.
Please see https://chromedriver.chromium.org/security-considerations for suggestions on keeping ChromeDriver safe.
ChromeDriver was started successfully.
Dec 20, 2021 1:09:28 PM org.openqa.selenium.remote.ProtocolHandshake createSession
INFO: Detected dialect: W3C
]]></system-err>
  </testcase>
  <testcase name="wrongEmail" classname="UI.testCases.TestClass" time="103.723">
    <failure message="Hata : Beklenen Veri Hatalı &#10;Expected: is &quot;HATALI CASE&quot;&#10;     got: &quot;E-posta adresiniz ve/veya şifreniz hatalı.&quot;&#10;" type="java.lang.AssertionError">java.lang.AssertionError: 
Hata : Beklenen Veri Hatalı 
Expected: is "HATALI CASE"
     got: "E-posta adresiniz ve/veya şifreniz hatalı."

	at UI.testCases.TestClass.wrongEmail(TestClass.java:44)
</failure>
    <system-err><![CDATA[456115 [main] INFO io.github.bonigarcia.wdm.WebDriverManager - Using chromedriver 96.0.4664.45 (resolved driver for Chrome 96)
456117 [main] INFO io.github.bonigarcia.wdm.WebDriverManager - Exporting webdriver.chrome.driver as /Users/ahmet.ercikan/.cache/selenium/chromedriver/mac64/96.0.4664.45/chromedriver
Starting ChromeDriver 96.0.4664.45 (76e4c1bb2ab4671b8beba3444e61c0f17584b2fc-refs/branch-heads/4664@{#947}) on port 5933
Only local connections are allowed.
Please see https://chromedriver.chromium.org/security-considerations for suggestions on keeping ChromeDriver safe.
ChromeDriver was started successfully.
Dec 20, 2021 1:14:58 PM org.openqa.selenium.remote.ProtocolHandshake createSession
INFO: Detected dialect: W3C
]]></system-err>
  </testcase>
  <testcase name="wrongPassword" classname="UI.testCases.TestClass" time="103.352"/>
  <testcase name="wrongPassword" classname="UI.testCases.TestClass" time="103.658"/>
</testsuite>