<?xml version="1.0" encoding="UTF-8"?>
<testsuite xmlns:xsi="http://www.w3.org/2001/XMLSchema-instance" xsi:noNamespaceSchemaLocation="https://maven.apache.org/surefire/maven-surefire-plugin/xsd/surefire-test-report.xsd" name="TestSuite" time="540.32" tests="21" errors="0" skipped="0" failures="7">
  <properties>
[...]
</properties>
  <testcase name="loginSucces" classname="UI.testCases.LoginPageTest" time="20.538">
    <failure message="Expected condition failed: waiting for UI.helpers.BrowserUtils$1@2f162cc0 (tried for 10 second(s) with 1000 milliseconds interval)" type="org.openqa.selenium.TimeoutException">org.openqa.selenium.TimeoutException: Expected condition failed: waiting for UI.helpers.BrowserUtils$1@2f162cc0 (tried for 10 second(s) with 1000 milliseconds interval)
	at UI.testCases.LoginPageTest.loginSucces(LoginPageTest.java:36)
Caused by: org.openqa.selenium.NoSuchElementException: 
no such element: Unable to locate element: {"method":"xpath","selector":"//*[contains(text(),'Hesabım')]"}
  (Session info: MicrosoftEdge=96.0.1054.62)
For documentation on this error, please visit: http://seleniumhq.org/exceptions/no_such_element.html
Build info: version: '3.8.1', revision: '6e95a6684b', time: '2017-12-01T18:33:54.468Z'
System info: host: 'MAC-IT-13.local', ip: 'fe80:0:0:0:b:f98a:86f4:b3d9%en0', os.name: 'Mac OS X', os.arch: 'x86_64', os.version: '10.15.7', java.version: '14.0.2'
Driver info: org.openqa.selenium.remote.RemoteWebDriver
Capabilities {acceptInsecureCerts: false, browserName: msedge, browserVersion: 96.0.1054.62, javascriptEnabled: true, ms:edgeOptions: {debuggerAddress: localhost:43125}, msedge: {msedgedriverVersion: 96.0.1054.62 (f97cb2ce0103f..., userDataDir: /tmp/.com.microsoft.Edge.dH...}, networkConnectionEnabled: false, pageLoadStrategy: normal, platform: LINUX, platformName: LINUX, proxy: Proxy(), se:cdp: ws://172.24.0.5:4444/sessio..., se:cdpVersion: 96.0.1054.62, se:vnc: ws://172.24.0.5:4444/sessio..., se:vncEnabled: true, se:vncLocalAddress: ws://172.24.0.5:7900, setWindowRect: true, strictFileInteractability: false, timeouts: {implicit: 0, pageLoad: 300000, script: 30000}, unhandledPromptBehavior: dismiss and notify, webauthn:extension:credBlob: true, webauthn:extension:largeBlob: true, webauthn:virtualAuthenticators: true}
Session ID: bd32bdbf819237fd968f9664742147f7
*** Element info: {Using=xpath, value=//*[contains(text(),'Hesabım')]}
	at UI.testCases.LoginPageTest.loginSucces(LoginPageTest.java:36)
</failure>
    <system-err><![CDATA[Jan 17, 2022 12:02:33 PM com.relevantcodes.extentreports.ExtentReports loadConfig
WARNING: Unable to perform report configuration. The file /Users/ahmet.ercikan/IdeaProjects/testCalismaa\extent-config.xml was not found.
Jan 17, 2022 12:02:39 PM org.openqa.selenium.remote.ProtocolHandshake createSession
INFO: Detected dialect: W3C
]]></system-err>
  </testcase>
  <testcase name="loginSucces" classname="UI.testCases.LoginPageTest" time="17.194">
    <failure message="Expected condition failed: waiting for UI.helpers.BrowserUtils$1@53153d5e (tried for 10 second(s) with 1000 milliseconds interval)" type="org.openqa.selenium.TimeoutException">org.openqa.selenium.TimeoutException: Expected condition failed: waiting for UI.helpers.BrowserUtils$1@53153d5e (tried for 10 second(s) with 1000 milliseconds interval)
	at UI.testCases.LoginPageTest.loginSucces(LoginPageTest.java:36)
Caused by: org.openqa.selenium.NoSuchElementException: 
no such element: Unable to locate element: {"method":"xpath","selector":"//*[contains(text(),'Hesabım')]"}
  (Session info: chrome=96.0.4664.110)
For documentation on this error, please visit: http://seleniumhq.org/exceptions/no_such_element.html
Build info: version: '3.8.1', revision: '6e95a6684b', time: '2017-12-01T18:33:54.468Z'
System info: host: 'MAC-IT-13.local', ip: 'fe80:0:0:0:b:f98a:86f4:b3d9%en0', os.name: 'Mac OS X', os.arch: 'x86_64', os.version: '10.15.7', java.version: '14.0.2'
Driver info: org.openqa.selenium.remote.RemoteWebDriver
Capabilities {acceptInsecureCerts: false, browserName: chrome, browserVersion: 96.0.4664.110, chrome: {chromedriverVersion: 96.0.4664.45 (76e4c1bb2ab46..., userDataDir: /tmp/.com.google.Chrome.zoT2PT}, goog:chromeOptions: {debuggerAddress: localhost:45963}, javascriptEnabled: true, networkConnectionEnabled: false, pageLoadStrategy: normal, platform: LINUX, platformName: LINUX, proxy: Proxy(), se:cdp: ws://172.24.0.4:4444/sessio..., se:cdpVersion: 96.0.4664.110, se:vnc: ws://172.24.0.4:4444/sessio..., se:vncEnabled: true, se:vncLocalAddress: ws://172.24.0.4:7900, setWindowRect: true, strictFileInteractability: false, timeouts: {implicit: 0, pageLoad: 300000, script: 30000}, unhandledPromptBehavior: dismiss and notify, webauthn:extension:credBlob: true, webauthn:extension:largeBlob: true, webauthn:virtualAuthenticators: true}
Session ID: e0072e67a12be2a8c0d29139ade15c88
*** Element info: {Using=xpath, value=//*[contains(text(),'Hesabım')]}
	at UI.testCases.LoginPageTest.loginSucces(LoginPageTest.java:36)
</failure>
    <system-err><![CDATA[Jan 17, 2022 12:06:04 PM com.relevantcodes.extentreports.ExtentReports loadConfig
WARNING: Unable to perform report configuration. The file /Users/ahmet.ercikan/IdeaProjects/testCalismaa\extent-config.xml was not found.
Jan 17, 2022 12:06:07 PM org.openqa.selenium.remote.ProtocolHandshake createSession
INFO: Detected dialect: W3C
]]></system-err>
  </testcase>
  <testcase name="loginSucces" classname="UI.testCases.LoginPageTest" time="22.474">
    <failure message="Expected condition failed: waiting for UI.helpers.BrowserUtils$1@7798de95 (tried for 10 second(s) with 1000 milliseconds interval)" type="org.openqa.selenium.TimeoutException">org.openqa.selenium.TimeoutException: Expected condition failed: waiting for UI.helpers.BrowserUtils$1@7798de95 (tried for 10 second(s) with 1000 milliseconds interval)
	at UI.testCases.LoginPageTest.loginSucces(LoginPageTest.java:36)
Caused by: org.openqa.selenium.NoSuchElementException: 
Unable to locate element: //*[contains(text(),'Hesabım')]
For documentation on this error, please visit: http://seleniumhq.org/exceptions/no_such_element.html
Build info: version: '3.8.1', revision: '6e95a6684b', time: '2017-12-01T18:33:54.468Z'
System info: host: 'MAC-IT-13.local', ip: 'fe80:0:0:0:b:f98a:86f4:b3d9%en0', os.name: 'Mac OS X', os.arch: 'x86_64', os.version: '10.15.7', java.version: '14.0.2'
Driver info: org.openqa.selenium.remote.RemoteWebDriver
Capabilities {acceptInsecureCerts: false, browserName: firefox, browserVersion: 95.0.1, javascriptEnabled: true, moz:accessibilityChecks: false, moz:buildID: 20211215221728, moz:geckodriverVersion: 0.30.0, moz:headless: false, moz:processID: 1257, moz:profile: /tmp/rust_mozprofilebHtbAF, moz:shutdownTimeout: 60000, moz:useNonSpecCompliantPointerOrigin: false, moz:webdriverClick: true, pageLoadStrategy: normal, platform: LINUX, platformName: LINUX, platformVersion: 5.10.76-linuxkit, proxy: Proxy(), se:vnc: ws://172.24.0.3:4444/sessio..., se:vncEnabled: true, se:vncLocalAddress: ws://172.24.0.3:7900, setWindowRect: true, strictFileInteractability: false, timeouts: {implicit: 0, pageLoad: 300000, script: 30000}, unhandledPromptBehavior: dismiss and notify}
Session ID: 9aff227a-152e-4e66-a18f-f648071261b8
*** Element info: {Using=xpath, value=//*[contains(text(),'Hesabım')]}
	at UI.testCases.LoginPageTest.loginSucces(LoginPageTest.java:36)
</failure>
    <system-err><![CDATA[Jan 17, 2022 12:10:11 PM com.relevantcodes.extentreports.ExtentReports loadConfig
WARNING: Unable to perform report configuration. The file /Users/ahmet.ercikan/IdeaProjects/testCalismaa\extent-config.xml was not found.
Jan 17, 2022 12:10:18 PM org.openqa.selenium.remote.ProtocolHandshake createSession
INFO: Detected dialect: W3C
]]></system-err>
  </testcase>
  <testcase name="wrongEmail" classname="UI.testCases.LoginPageTest" time="8.304">
    <failure message="Hata : Beklenen Veri Hatalı &#10;Expected: is &quot;HATALI CASE&quot;&#10;     got: &quot;E-posta adresiniz ve/veya şifreniz hatalı.&quot;&#10;" type="java.lang.AssertionError">java.lang.AssertionError: 
Hata : Beklenen Veri Hatalı 
Expected: is "HATALI CASE"
     got: "E-posta adresiniz ve/veya şifreniz hatalı."

	at UI.testCases.LoginPageTest.wrongEmail(LoginPageTest.java:44)
</failure>
    <system-err><![CDATA[Jan 17, 2022 12:02:58 PM org.openqa.selenium.remote.ProtocolHandshake createSession
INFO: Detected dialect: W3C
]]></system-err>
  </testcase>
  <testcase name="wrongEmail" classname="UI.testCases.LoginPageTest" time="12.518">
    <failure message="Hata : Beklenen Veri Hatalı &#10;Expected: is &quot;HATALI CASE&quot;&#10;     got: &quot;E-posta adresiniz ve/veya şifreniz hatalı.&quot;&#10;" type="java.lang.AssertionError">java.lang.AssertionError: 
Hata : Beklenen Veri Hatalı 
Expected: is "HATALI CASE"
     got: "E-posta adresiniz ve/veya şifreniz hatalı."

	at UI.testCases.LoginPageTest.wrongEmail(LoginPageTest.java:44)
</failure>
    <system-err><![CDATA[Jan 17, 2022 12:06:29 PM org.openqa.selenium.remote.ProtocolHandshake createSession
INFO: Detected dialect: W3C
]]></system-err>
  </testcase>
  <testcase name="wrongEmail" classname="UI.testCases.LoginPageTest" time="6.923">
    <failure message="Hata : Beklenen Veri Hatalı &#10;Expected: is &quot;HATALI CASE&quot;&#10;     got: &quot;E-posta adresiniz ve/veya şifreniz hatalı.&quot;&#10;" type="java.lang.AssertionError">java.lang.AssertionError: 
Hata : Beklenen Veri Hatalı 
Expected: is "HATALI CASE"
     got: "E-posta adresiniz ve/veya şifreniz hatalı."

	at UI.testCases.LoginPageTest.wrongEmail(LoginPageTest.java:44)
</failure>
    <system-err><![CDATA[Jan 17, 2022 12:10:37 PM org.openqa.selenium.remote.ProtocolHandshake createSession
INFO: Detected dialect: W3C
]]></system-err>
  </testcase>
  <testcase name="wrongPassword" classname="UI.testCases.LoginPageTest" time="10.676"/>
  <testcase name="wrongPassword" classname="UI.testCases.LoginPageTest" time="6.214"/>
  <testcase name="wrongPassword" classname="UI.testCases.LoginPageTest" time="8.985"/>
  <testcase name="blankEmail" classname="UI.testCases.LoginPageTest" time="6.982"/>
  <testcase name="blankEmail" classname="UI.testCases.LoginPageTest" time="98.747"/>
  <testcase name="blankEmail" classname="UI.testCases.LoginPageTest" time="12.18"/>
  <testcase name="blankPassword" classname="UI.testCases.LoginPageTest" time="8.935"/>
  <testcase name="blankPassword" classname="UI.testCases.LoginPageTest" time="7.167"/>
  <testcase name="blankPassword" classname="UI.testCases.LoginPageTest" time="8.826"/>
  <testcase name="blankEmailandPassword" classname="UI.testCases.LoginPageTest" time="6.867"/>
  <testcase name="blankEmailandPassword" classname="UI.testCases.LoginPageTest" time="8.047"/>
  <testcase name="blankEmailandPassword" classname="UI.testCases.LoginPageTest" time="8.511"/>
  <testcase name="butikLinkAddCSV" classname="UI.testCases.HomePageTest" time="144.965"/>
  <testcase name="butikLinkAddCSV" classname="UI.testCases.HomePageTest" time="94.17"/>
  <testcase name="butikLinkAddCSV" classname="UI.testCases.HomePageTest" time="9.191">
    <failure message="Element &lt;g id=&quot;Rating-Review&quot;&gt; could not be scrolled into view&#10;Build info: version: &apos;3.8.1&apos;, revision: &apos;6e95a6684b&apos;, time: &apos;2017-12-01T18:33:54.468Z&apos;&#10;System info: host: &apos;MAC-IT-13.local&apos;, ip: &apos;fe80:0:0:0:b:f98a:86f4:b3d9%en0&apos;, os.name: &apos;Mac OS X&apos;, os.arch: &apos;x86_64&apos;, os.version: &apos;10.15.7&apos;, java.version: &apos;14.0.2&apos;&#10;Driver info: org.openqa.selenium.remote.RemoteWebDriver&#10;Capabilities {acceptInsecureCerts: false, browserName: firefox, browserVersion: 95.0.1, javascriptEnabled: true, moz:accessibilityChecks: false, moz:buildID: 20211215221728, moz:geckodriverVersion: 0.30.0, moz:headless: false, moz:processID: 1795, moz:profile: /tmp/rust_mozprofileZIBz3C, moz:shutdownTimeout: 60000, moz:useNonSpecCompliantPointerOrigin: false, moz:webdriverClick: true, pageLoadStrategy: normal, platform: LINUX, platformName: LINUX, platformVersion: 5.10.76-linuxkit, proxy: Proxy(), se:vnc: ws://172.24.0.3:4444/sessio..., se:vncEnabled: true, se:vncLocalAddress: ws://172.24.0.3:7900, setWindowRect: true, strictFileInteractability: false, timeouts: {implicit: 0, pageLoad: 300000, script: 30000}, unhandledPromptBehavior: dismiss and notify}&#10;Session ID: 0ade2035-793e-4a83-8cfb-d7bf6834d8d3" type="org.openqa.selenium.ElementNotInteractableException"><![CDATA[org.openqa.selenium.ElementNotInteractableException: 
Element <g id="Rating-Review"> could not be scrolled into view
Build info: version: '3.8.1', revision: '6e95a6684b', time: '2017-12-01T18:33:54.468Z'
System info: host: 'MAC-IT-13.local', ip: 'fe80:0:0:0:b:f98a:86f4:b3d9%en0', os.name: 'Mac OS X', os.arch: 'x86_64', os.version: '10.15.7', java.version: '14.0.2'
Driver info: org.openqa.selenium.remote.RemoteWebDriver
Capabilities {acceptInsecureCerts: false, browserName: firefox, browserVersion: 95.0.1, javascriptEnabled: true, moz:accessibilityChecks: false, moz:buildID: 20211215221728, moz:geckodriverVersion: 0.30.0, moz:headless: false, moz:processID: 1795, moz:profile: /tmp/rust_mozprofileZIBz3C, moz:shutdownTimeout: 60000, moz:useNonSpecCompliantPointerOrigin: false, moz:webdriverClick: true, pageLoadStrategy: normal, platform: LINUX, platformName: LINUX, platformVersion: 5.10.76-linuxkit, proxy: Proxy(), se:vnc: ws://172.24.0.3:4444/sessio..., se:vncEnabled: true, se:vncLocalAddress: ws://172.24.0.3:7900, setWindowRect: true, strictFileInteractability: false, timeouts: {implicit: 0, pageLoad: 300000, script: 30000}, unhandledPromptBehavior: dismiss and notify}
Session ID: 0ade2035-793e-4a83-8cfb-d7bf6834d8d3
	at UI.testCases.HomePageTest.butikLinkAddCSV(HomePageTest.java:27)
]]></failure>
    <system-err><![CDATA[Jan 17, 2022 12:11:28 PM org.openqa.selenium.remote.ProtocolHandshake createSession
INFO: Detected dialect: W3C
]]></system-err>
  </testcase>
</testsuite>