<?xml version="1.0" encoding="UTF-8"?>
<!-- Generated by org.testng.reporters.JUnitXMLReporter -->
<testsuite hostname="MAC-IT-13.local" failures="3" tests="7" name="IE Test" time="81.444" errors="0" timestamp="17 Jan 2022 09:11:33 GMT">
  <testcase classname="UI.testCases.LoginPageTest" name="loginSucces" time="22.474">
    <failure type="org.openqa.selenium.TimeoutException" message="Expected condition failed: waiting for UI.helpers.BrowserUtils$1@7798de95 (tried for 10 second(s) with 1000 milliseconds interval)">
      <![CDATA[org.openqa.selenium.TimeoutException: Expected condition failed: waiting for UI.helpers.BrowserUtils$1@7798de95 (tried for 10 second(s) with 1000 milliseconds interval)
	at org.openqa.selenium.support.ui.FluentWait.timeoutException(FluentWait.java:303)
	at org.openqa.selenium.support.ui.FluentWait.until(FluentWait.java:271)
	at UI.helpers.BrowserUtils.fluentWait(BrowserUtils.java:23)
	at UI.testCases.LoginPageTest.loginSucces(LoginPageTest.java:36)
Caused by: org.openqa.selenium.NoSuchElementException: Unable to locate element: //*[contains(text(),'Hesabım')]
For documentation on this error, please visit: http://seleniumhq.org/exceptions/no_such_element.html
Build info: version: '3.8.1', revision: '6e95a6684b', time: '2017-12-01T18:33:54.468Z'
System info: host: 'MAC-IT-13.local', ip: 'fe80:0:0:0:b:f98a:86f4:b3d9%en0', os.name: 'Mac OS X', os.arch: 'x86_64', os.version: '10.15.7', java.version: '14.0.2'
Driver info: org.openqa.selenium.remote.RemoteWebDriver
Capabilities {acceptInsecureCerts: false, browserName: firefox, browserVersion: 95.0.1, javascriptEnabled: true, moz:accessibilityChecks: false, moz:buildID: 20211215221728, moz:geckodriverVersion: 0.30.0, moz:headless: false, moz:processID: 1257, moz:profile: /tmp/rust_mozprofilebHtbAF, moz:shutdownTimeout: 60000, moz:useNonSpecCompliantPointerOrigin: false, moz:webdriverClick: true, pageLoadStrategy: normal, platform: LINUX, platformName: LINUX, platformVersion: 5.10.76-linuxkit, proxy: Proxy(), se:vnc: ws://172.24.0.3:4444/sessio..., se:vncEnabled: true, se:vncLocalAddress: ws://172.24.0.3:7900, setWindowRect: true, strictFileInteractability: false, timeouts: {implicit: 0, pageLoad: 300000, script: 30000}, unhandledPromptBehavior: dismiss and notify}
Session ID: 9aff227a-152e-4e66-a18f-f648071261b8
*** Element info: {Using=xpath, value=//*[contains(text(),'Hesabım')]}
	at org.openqa.selenium.remote.http.W3CHttpResponseCodec.createException(W3CHttpResponseCodec.java:187)
	at org.openqa.selenium.remote.http.W3CHttpResponseCodec.decode(W3CHttpResponseCodec.java:122)
	at org.openqa.selenium.remote.http.W3CHttpResponseCodec.decode(W3CHttpResponseCodec.java:49)
	at org.openqa.selenium.remote.HttpCommandExecutor.execute(HttpCommandExecutor.java:158)
	at org.openqa.selenium.remote.RemoteWebDriver.execute(RemoteWebDriver.java:545)
	at org.openqa.selenium.remote.RemoteWebDriver.findElement(RemoteWebDriver.java:319)
	at org.openqa.selenium.remote.RemoteWebDriver.findElementByXPath(RemoteWebDriver.java:421)
	at org.openqa.selenium.By$ByXPath.findElement(By.java:361)
	at org.openqa.selenium.remote.RemoteWebDriver.findElement(RemoteWebDriver.java:311)
	at UI.helpers.BrowserUtils$1.apply(BrowserUtils.java:25)
	at UI.helpers.BrowserUtils$1.apply(BrowserUtils.java:23)
	at org.openqa.selenium.support.ui.FluentWait.until(FluentWait.java:248)
	... 30 more
... Removed 33 stack frames]]>
    </failure>
  </testcase> <!-- loginSucces -->
  <testcase classname="UI.testCases.LoginPageTest" name="wrongEmail" time="6.924">
    <failure type="java.lang.AssertionError" message="Hata : Beklenen Veri Hatalı 
Expected: is &amp;quot;HATALI CASE&amp;quot;
     got: &amp;quot;E-posta adresiniz ve/veya şifreniz hatalı.&amp;quot;
">
      <![CDATA[java.lang.AssertionError: Hata : Beklenen Veri Hatalı 
Expected: is "HATALI CASE"
     got: "E-posta adresiniz ve/veya şifreniz hatalı."

	at org.hamcrest.MatcherAssert.assertThat(MatcherAssert.java:21)
	at UI.helpers.BrowserUtils.assertControl(BrowserUtils.java:74)
	at UI.testCases.LoginPageTest.wrongEmail(LoginPageTest.java:44)
... Removed 28 stack frames]]>
    </failure>
  </testcase> <!-- wrongEmail -->
  <testcase classname="UI.testCases.LoginPageTest" name="wrongPassword" time="8.985"/>
  <testcase classname="UI.testCases.LoginPageTest" name="blankEmail" time="12.18"/>
  <testcase classname="UI.testCases.LoginPageTest" name="blankPassword" time="8.826"/>
  <testcase classname="UI.testCases.LoginPageTest" name="blankEmailandPassword" time="8.511"/>
  <testcase classname="UI.testCases.HomePageTest" name="butikLinkAddCSV" time="9.192">
    <failure type="org.openqa.selenium.ElementNotInteractableException" message="Element &amp;lt;g id=&amp;quot;Rating-Review&amp;quot;&amp;gt; could not be scrolled into view
Build info: version: &amp;apos;3.8.1&amp;apos;, revision: &amp;apos;6e95a6684b&amp;apos;, time: &amp;apos;2017-12-01T18:33:54.468Z&amp;apos;
System info: host: &amp;apos;MAC-IT-13.local&amp;apos;, ip: &amp;apos;fe80:0:0:0:b:f98a:86f4:b3d9%en0&amp;apos;, os.name: &amp;apos;Mac OS X&amp;apos;, os.arch: &amp;apos;x86_64&amp;apos;, os.version: &amp;apos;10.15.7&amp;apos;, java.version: &amp;apos;14.0.2&amp;apos;
Driver info: org.openqa.selenium.remote.RemoteWebDriver
Capabilities {acceptInsecureCerts: false, browserName: firefox, browserVersion: 95.0.1, javascriptEnabled: true, moz:accessibilityChecks: false, moz:buildID: 20211215221728, moz:geckodriverVersion: 0.30.0, moz:headless: false, moz:processID: 1795, moz:profile: /tmp/rust_mozprofileZIBz3C, moz:shutdownTimeout: 60000, moz:useNonSpecCompliantPointerOrigin: false, moz:webdriverClick: true, pageLoadStrategy: normal, platform: LINUX, platformName: LINUX, platformVersion: 5.10.76-linuxkit, proxy: Proxy(), se:vnc: ws://172.24.0.3:4444/sessio..., se:vncEnabled: true, se:vncLocalAddress: ws://172.24.0.3:7900, setWindowRect: true, strictFileInteractability: false, timeouts: {implicit: 0, pageLoad: 300000, script: 30000}, unhandledPromptBehavior: dismiss and notify}
Session ID: 0ade2035-793e-4a83-8cfb-d7bf6834d8d3">
      <![CDATA[org.openqa.selenium.ElementNotInteractableException: Element <g id="Rating-Review"> could not be scrolled into view
Build info: version: '3.8.1', revision: '6e95a6684b', time: '2017-12-01T18:33:54.468Z'
System info: host: 'MAC-IT-13.local', ip: 'fe80:0:0:0:b:f98a:86f4:b3d9%en0', os.name: 'Mac OS X', os.arch: 'x86_64', os.version: '10.15.7', java.version: '14.0.2'
Driver info: org.openqa.selenium.remote.RemoteWebDriver
Capabilities {acceptInsecureCerts: false, browserName: firefox, browserVersion: 95.0.1, javascriptEnabled: true, moz:accessibilityChecks: false, moz:buildID: 20211215221728, moz:geckodriverVersion: 0.30.0, moz:headless: false, moz:processID: 1795, moz:profile: /tmp/rust_mozprofileZIBz3C, moz:shutdownTimeout: 60000, moz:useNonSpecCompliantPointerOrigin: false, moz:webdriverClick: true, pageLoadStrategy: normal, platform: LINUX, platformName: LINUX, platformVersion: 5.10.76-linuxkit, proxy: Proxy(), se:vnc: ws://172.24.0.3:4444/sessio..., se:vncEnabled: true, se:vncLocalAddress: ws://172.24.0.3:7900, setWindowRect: true, strictFileInteractability: false, timeouts: {implicit: 0, pageLoad: 300000, script: 30000}, unhandledPromptBehavior: dismiss and notify}
Session ID: 0ade2035-793e-4a83-8cfb-d7bf6834d8d3
	at org.openqa.selenium.remote.http.W3CHttpResponseCodec.createException(W3CHttpResponseCodec.java:187)
	at org.openqa.selenium.remote.http.W3CHttpResponseCodec.decode(W3CHttpResponseCodec.java:122)
	at org.openqa.selenium.remote.http.W3CHttpResponseCodec.decode(W3CHttpResponseCodec.java:49)
	at org.openqa.selenium.remote.HttpCommandExecutor.execute(HttpCommandExecutor.java:158)
	at org.openqa.selenium.remote.RemoteWebDriver.execute(RemoteWebDriver.java:545)
	at org.openqa.selenium.remote.RemoteWebElement.execute(RemoteWebElement.java:279)
	at org.openqa.selenium.remote.RemoteWebElement.click(RemoteWebElement.java:83)
	at UI.utils.Browser.clickTo(Browser.java:63)
	at UI.utils.Browser.clickToBy(Browser.java:54)
	at UI.testCases.HomePageTest.butikLinkAddCSV(HomePageTest.java:27)
... Removed 33 stack frames]]>
    </failure>
  </testcase> <!-- butikLinkAddCSV -->
</testsuite> <!-- IE Test -->
